<?xml version="1.0" encoding="UTF-8"?>
<testng-results skipped="0" failed="0" ignored="0" total="1" passed="1">
  <reporter-output>
    <line>
      <![CDATA[{"coord":{"lon":-0.13,"lat":51.51},"weather":[{"id":300,"main":"Drizzle","description":"light intensity drizzle","icon":"09d"}],"base":"stations","main":{"temp":280.32,"pressure":1012,"humidity":81,"temp_min":279.15,"temp_max":281.15},"visibility":10000,"wind":{"speed":4.1,"deg":80},"clouds":{"all":90},"dt":1485789600,"sys":{"type":1,"id":5091,"message":0.0103,"country":"GB","sunrise":1485762037,"sunset":1485794875},"id":2643743,"name":"London","cod":200}]]>
    </line>
  </reporter-output>
  <suite name="Default suite" duration-ms="5103" started-at="2019-05-31T09:05:58Z" finished-at="2019-05-31T09:06:03Z">
    <groups>
    </groups>
    <test name="Default test" duration-ms="5103" started-at="2019-05-31T09:05:58Z" finished-at="2019-05-31T09:06:03Z">
      <class name="Rest.Test1">
        <test-method status="PASS" signature="GetMethod()[pri:1, instance:Rest.Test1@5afa04c]" name="GetMethod" duration-ms="4984" started-at="2019-05-31T14:35:58Z" finished-at="2019-05-31T14:36:03Z">
          <reporter-output>
            <line>
              <![CDATA[{"coord":{"lon":-0.13,"lat":51.51},"weather":[{"id":300,"main":"Drizzle","description":"light intensity drizzle","icon":"09d"}],"base":"stations","main":{"temp":280.32,"pressure":1012,"humidity":81,"temp_min":279.15,"temp_max":281.15},"visibility":10000,"wind":{"speed":4.1,"deg":80},"clouds":{"all":90},"dt":1485789600,"sys":{"type":1,"id":5091,"message":0.0103,"country":"GB","sunrise":1485762037,"sunset":1485794875},"id":2643743,"name":"London","cod":200}]]>
            </line>
          </reporter-output>
        </test-method> <!-- GetMethod -->
      </class> <!-- Rest.Test1 -->
    </test> <!-- Default test -->
  </suite> <!-- Default suite -->
</testng-results>
